<?xml version="1.0" encoding="UTF-8"?>
<coverage generated="1743862643479" clover="3.2.0">
  <project timestamp="1743862643479" name="All files">
    <metrics statements="14" coveredstatements="13" conditionals="2" coveredconditionals="1" methods="4" coveredmethods="4" elements="20" coveredelements="18" complexity="0" loc="14" ncloc="14" packages="1" files="1" classes="1"/>
    <file name="app.js" path="C:\Users\gb0133\Desktop\prueba-jenkins\app.js">
      <metrics statements="14" coveredstatements="13" conditionals="2" coveredconditionals="1" methods="4" coveredmethods="4"/>
      <line num="2" count="1" type="stmt"/>
      <line num="3" count="1" type="stmt"/>
      <line num="4" count="1" type="stmt"/>
      <line num="6" count="1" type="stmt"/>
      <line num="8" count="1" type="stmt"/>
      <line num="9" count="1" type="stmt"/>
      <line num="12" count="1" type="stmt"/>
      <line num="13" count="1" type="stmt"/>
      <line num="14" count="1" type="cond" truecount="1" falsecount="1"/>
      <line num="15" count="1" type="stmt"/>
      <line num="17" count="0" type="stmt"/>
      <line num="21" count="1" type="stmt"/>
      <line num="22" count="1" type="stmt"/>
      <line num="24" count="1" type="stmt"/>
    </file>
  </project>
</coverage>
